Using pre-set license
Built from '2021.3/staging' branch; Version is '2021.3.4f1 (cb45f9cae8b7) revision 13321721'; Using compiler version '192829333'; Build Type 'Release'
OS: 'Windows 10  (10.0.19043) 64bit Professional' Language: 'en' Physical Memory: 16296 MB
BatchMode: 1, IsHumanControllingUs: 0, StartBugReporterOnCrash: 0, Is64bit: 1, IsPro: 1

COMMAND LINE ARGUMENTS:
F:\minhvc\2021.3.4f1\Editor\Unity.exe
-adb2
-batchMode
-noUpm
-name
AssetImportWorker1
-projectPath
F:/minhvc/unityProject/TileVania
-logFile
Logs/AssetImportWorker1.log
-srvPort
63721
Successfully changed project path to: F:/minhvc/unityProject/TileVania
F:/minhvc/unityProject/TileVania
[UnityMemory] Configuration Parameters - Can be set up in boot.config
    "memorysetup-bucket-allocator-granularity=16"
    "memorysetup-bucket-allocator-bucket-count=8"
    "memorysetup-bucket-allocator-block-size=33554432"
    "memorysetup-bucket-allocator-block-count=8"
    "memorysetup-main-allocator-block-size=16777216"
    "memorysetup-thread-allocator-block-size=16777216"
    "memorysetup-gfx-main-allocator-block-size=16777216"
    "memorysetup-gfx-thread-allocator-block-size=16777216"
    "memorysetup-cache-allocator-block-size=4194304"
    "memorysetup-typetree-allocator-block-size=2097152"
    "memorysetup-profiler-bucket-allocator-granularity=16"
    "memorysetup-profiler-bucket-allocator-bucket-count=8"
    "memorysetup-profiler-bucket-allocator-block-size=33554432"
    "memorysetup-profiler-bucket-allocator-block-count=8"
    "memorysetup-profiler-allocator-block-size=16777216"
    "memorysetup-profiler-editor-allocator-block-size=1048576"
    "memorysetup-temp-allocator-size-main=16777216"
    "memorysetup-job-temp-allocator-block-size=2097152"
    "memorysetup-job-temp-allocator-block-size-background=1048576"
    "memorysetup-job-temp-allocator-reduction-small-platforms=262144"
    "memorysetup-temp-allocator-size-background-worker=32768"
    "memorysetup-temp-allocator-size-job-worker=262144"
    "memorysetup-temp-allocator-size-preload-manager=33554432"
    "memorysetup-temp-allocator-size-nav-mesh-worker=65536"
    "memorysetup-temp-allocator-size-audio-worker=65536"
    "memorysetup-temp-allocator-size-cloud-worker=32768"
    "memorysetup-temp-allocator-size-gi-baking-worker=262144"
    "memorysetup-temp-allocator-size-gfx=262144"
Refreshing native plugins compatible for Editor in 132.08 ms, found 4 plugins.
Preloading 0 native plugins for Editor in 0.00 ms.
Initialize engine version: 2021.3.4f1 (cb45f9cae8b7)
[Subsystems] Discovering subsystems at path F:/minhvc/2021.3.4f1/Editor/Data/Resources/UnitySubsystems
[Subsystems] Discovering subsystems at path F:/minhvc/unityProject/TileVania/Assets
GfxDevice: creating device client; threaded=0; jobified=0
Direct3D:
    Version:  Direct3D 11.0 [level 11.1]
    Renderer: NVIDIA GeForce GTX 980 Ti (ID=0x17c8)
    Vendor:   NVIDIA
    VRAM:     6097 MB
    Driver:   30.0.15.1215
Initialize mono
Mono path[0] = 'F:/minhvc/2021.3.4f1/Editor/Data/Managed'
Mono path[1] = 'F:/minhvc/2021.3.4f1/Editor/Data/MonoBleedingEdge/lib/mono/unityjit-win32'
Mono config path = 'F:/minhvc/2021.3.4f1/Editor/Data/MonoBleedingEdge/etc'
Using monoOptions --debugger-agent=transport=dt_socket,embedding=1,server=y,suspend=n,address=127.0.0.1:56700
Begin MonoManager ReloadAssembly
Registering precompiled unity dll's ...
Register platform support module: F:/minhvc/2021.3.4f1/Editor/Data/PlaybackEngines/WebGLSupport/UnityEditor.WebGL.Extensions.dll
Register platform support module: F:/minhvc/2021.3.4f1/Editor/Data/PlaybackEngines/WindowsStandaloneSupport/UnityEditor.WindowsStandalone.Extensions.dll
Registered in 0.003896 seconds.
Native extension for WindowsStandalone target not found
Native extension for WebGL target not found
Refreshing native plugins compatible for Editor in 127.81 ms, found 4 plugins.
Preloading 0 native plugins for Editor in 0.00 ms.
Mono: successfully reloaded assembly
- Completed reload, in  0.835 seconds
Domain Reload Profiling:
	ReloadAssembly (835ms)
		BeginReloadAssembly (120ms)
			ExecutionOrderSort (0ms)
			DisableScriptedObjects (0ms)
			BackupInstance (0ms)
			ReleaseScriptingObjects (0ms)
			CreateAndSetChildDomain (1ms)
		EndReloadAssembly (588ms)
			LoadAssemblies (120ms)
			RebuildTransferFunctionScriptingTraits (0ms)
			SetupTypeCache (135ms)
			ReleaseScriptCaches (0ms)
			RebuildScriptCaches (35ms)
			SetupLoadedEditorAssemblies (357ms)
				LogAssemblyErrors (0ms)
				InitializePlatformSupportModulesInManaged (9ms)
				SetLoadedEditorAssemblies (0ms)
				RefreshPlugins (128ms)
				BeforeProcessingInitializeOnLoad (1ms)
				ProcessInitializeOnLoadAttributes (160ms)
				ProcessInitializeOnLoadMethodAttributes (57ms)
				AfterProcessingInitializeOnLoad (0ms)
				EditorAssembliesLoaded (0ms)
			ExecutionOrderSort2 (0ms)
			AwakeInstancesAfterBackupRestoration (0ms)
Platform modules already initialized, skipping
Registering precompiled user dll's ...
Registered in 0.009436 seconds.
Begin MonoManager ReloadAssembly
Symbol file LoadedFromMemory doesn't match image F:\minhvc\unityProject\TileVania\Library\PackageCache\com.unity.visualscripting@1.7.8\Editor\VisualScripting.Core\Dependencies\YamlDotNet\Unity.VisualScripting.YamlDotNet.dll
Symbol file LoadedFromMemory doesn't match image F:\minhvc\unityProject\TileVania\Library\PackageCache\com.unity.visualscripting@1.7.8\Editor\VisualScripting.Core\Dependencies\DotNetZip\Unity.VisualScripting.IonicZip.dll
Native extension for WindowsStandalone target not found
Native extension for WebGL target not found
Refreshing native plugins compatible for Editor in 140.79 ms, found 4 plugins.
Preloading 0 native plugins for Editor in 0.00 ms.
Mono: successfully reloaded assembly
- Completed reload, in  1.638 seconds
Domain Reload Profiling:
	ReloadAssembly (1639ms)
		BeginReloadAssembly (167ms)
			ExecutionOrderSort (0ms)
			DisableScriptedObjects (7ms)
			BackupInstance (0ms)
			ReleaseScriptingObjects (0ms)
			CreateAndSetChildDomain (25ms)
		EndReloadAssembly (1334ms)
			LoadAssemblies (153ms)
			RebuildTransferFunctionScriptingTraits (0ms)
			SetupTypeCache (351ms)
			ReleaseScriptCaches (1ms)
			RebuildScriptCaches (86ms)
			SetupLoadedEditorAssemblies (713ms)
				LogAssemblyErrors (0ms)
				InitializePlatformSupportModulesInManaged (6ms)
				SetLoadedEditorAssemblies (0ms)
				RefreshPlugins (141ms)
				BeforeProcessingInitializeOnLoad (121ms)
				ProcessInitializeOnLoadAttributes (391ms)
				ProcessInitializeOnLoadMethodAttributes (50ms)
				AfterProcessingInitializeOnLoad (3ms)
				EditorAssembliesLoaded (0ms)
			ExecutionOrderSort2 (0ms)
			AwakeInstancesAfterBackupRestoration (10ms)
Platform modules already initialized, skipping
========================================================================
Worker process is ready to serve import requests
Launched and connected shader compiler UnityShaderCompiler.exe after 0.20 seconds
Refreshing native plugins compatible for Editor in 1.06 ms, found 4 plugins.
Preloading 0 native plugins for Editor in 0.00 ms.
Unloading 4556 Unused Serialized files (Serialized files now loaded: 0)
Unloading 61 unused Assets / (293.6 KB). Loaded Objects now: 5004.
Memory consumption went from 169.9 MB to 169.6 MB.
Total: 4.720600 ms (FindLiveObjects: 0.584000 ms CreateObjectMapping: 0.278300 ms MarkObjects: 3.645500 ms  DeleteObjects: 0.211800 ms)

AssetImportParameters requested are different than current active one (requested -> active):
  custom:video-decoder-ogg-theora: a1e56fd34408186e4bbccfd4996cb3dc -> 
  custom:container-muxer-webm: aa71ff27fc2769a1b78a27578f13a17b -> 
  custom:container-demuxer-webm: 4f35f7cbe854078d1ac9338744f61a02 -> 
  custom:video-encoder-webm-vp8: eb34c28f22e8b96e1ab97ce403110664 -> 
  custom:audio-encoder-webm-vorbis: bf7c407c2cedff20999df2af8eb42d56 -> 
  custom:framework-win-MediaFoundation: 216162199b28c13a410421893ffa2e32 -> 
  custom:container-demuxer-ogg: 62fdf1f143b41e24485cea50d1cbac27 -> 
  custom:video-decoder-webm-vp8: 9c59270c3fd7afecdb556c50c9e8de78 -> 
  custom:audio-decoder-ogg-vorbis: bf7c407c2cedff20999df2af8eb42d56 -> 
========================================================================
Received Import Request.
  Time since last request: 288424.988960 seconds.
  path: Assets/Sprites/Rule Tile.asset
  artifactKey: Guid(170b5c3ddbc997c44a83f2df1c95c6f9) Importer(815301076,1909f56bfc062723c751e8b465ee728b)
Start importing Assets/Sprites/Rule Tile.asset using Guid(170b5c3ddbc997c44a83f2df1c95c6f9) Importer(815301076,1909f56bfc062723c751e8b465ee728b)  -> (artifact id: 'c54b10d0dd71cdb2ce1e9e298809530b') in 0.101782 seconds 
========================================================================
Received Import Request.
  Time since last request: 0.945348 seconds.
  path: Assets/Tiles/SPA_Background brown tint_5.asset
  artifactKey: Guid(0c1bba071dfc61f4083efed6fbb376dc) Importer(815301076,1909f56bfc062723c751e8b465ee728b)
Start importing Assets/Tiles/SPA_Background brown tint_5.asset using Guid(0c1bba071dfc61f4083efed6fbb376dc) Importer(815301076,1909f56bfc062723c751e8b465ee728b)  -> (artifact id: 'c5d74c28006ece3eed01a9e02f83c741') in 0.021088 seconds 
========================================================================
Received Import Request.
  Time since last request: 0.000035 seconds.
  path: Assets/Tiles/SPA_Background brown tint_12.asset
  artifactKey: Guid(30fd1884fccff1e4d963c94da973f5d1) Importer(815301076,1909f56bfc062723c751e8b465ee728b)
Start importing Assets/Tiles/SPA_Background brown tint_12.asset using Guid(30fd1884fccff1e4d963c94da973f5d1) Importer(815301076,1909f56bfc062723c751e8b465ee728b)  -> (artifact id: 'ed60ec6deeb9110a943562183a040d4e') in 0.012696 seconds 
========================================================================
Received Import Request.
  Time since last request: 0.000025 seconds.
  path: Assets/Tiles/SPA_Rock_Grass_Water_2.asset
  artifactKey: Guid(b98ab05568e3ac14e89cd1aab0cf3d1f) Importer(815301076,1909f56bfc062723c751e8b465ee728b)
Start importing Assets/Tiles/SPA_Rock_Grass_Water_2.asset using Guid(b98ab05568e3ac14e89cd1aab0cf3d1f) Importer(815301076,1909f56bfc062723c751e8b465ee728b)  -> (artifact id: '83ed2e6cadef72d6d12977c7adc08bc2') in 0.016121 seconds 
========================================================================
Received Import Request.
  Time since last request: 0.000040 seconds.
  path: Assets/Tiles/SPA_Rock_Grass_Water_3.asset
  artifactKey: Guid(1f6f3e03fb912b142b56b2903f7e8c36) Importer(815301076,1909f56bfc062723c751e8b465ee728b)
Start importing Assets/Tiles/SPA_Rock_Grass_Water_3.asset using Guid(1f6f3e03fb912b142b56b2903f7e8c36) Importer(815301076,1909f56bfc062723c751e8b465ee728b)  -> (artifact id: 'e18dd99daac3c1863b93fbe2a15caae4') in 0.018010 seconds 
========================================================================
Received Import Request.
  Time since last request: 0.000023 seconds.
  path: Assets/Tiles/SPA_Rock_Grass_Water_7.asset
  artifactKey: Guid(8ae2b07e78a9e784f88665f7d780b434) Importer(815301076,1909f56bfc062723c751e8b465ee728b)
Start importing Assets/Tiles/SPA_Rock_Grass_Water_7.asset using Guid(8ae2b07e78a9e784f88665f7d780b434) Importer(815301076,1909f56bfc062723c751e8b465ee728b)  -> (artifact id: '7ce868126b11bd5a074853619ea7d107') in 0.012321 seconds 
========================================================================
Received Import Request.
  Time since last request: 0.000042 seconds.
  path: Assets/Tiles/SPA_Background brown tint_9.asset
  artifactKey: Guid(6bb1944cdb2fa4d46a1262a479dc7672) Importer(815301076,1909f56bfc062723c751e8b465ee728b)
Start importing Assets/Tiles/SPA_Background brown tint_9.asset using Guid(6bb1944cdb2fa4d46a1262a479dc7672) Importer(815301076,1909f56bfc062723c751e8b465ee728b)  -> (artifact id: 'fcd0d5d1e5f9ada2cc0bfcc6a2267a8b') in 0.012724 seconds 
========================================================================
Received Import Request.
  Time since last request: 0.000031 seconds.
  path: Assets/Tiles/SPA_Rock_Grass_Water_1.asset
  artifactKey: Guid(c30fb21705881b8489b78c11d67757c8) Importer(815301076,1909f56bfc062723c751e8b465ee728b)
Start importing Assets/Tiles/SPA_Rock_Grass_Water_1.asset using Guid(c30fb21705881b8489b78c11d67757c8) Importer(815301076,1909f56bfc062723c751e8b465ee728b)  -> (artifact id: '9d753922aec59384e039376f19044d43') in 0.014511 seconds 
========================================================================
Received Import Request.
  Time since last request: 0.000032 seconds.
  path: Assets/Tiles/SPA_Rock_Grass_Water_8.asset
  artifactKey: Guid(60099b6d06a2aee4cb977e1c7e7b141b) Importer(815301076,1909f56bfc062723c751e8b465ee728b)
Start importing Assets/Tiles/SPA_Rock_Grass_Water_8.asset using Guid(60099b6d06a2aee4cb977e1c7e7b141b) Importer(815301076,1909f56bfc062723c751e8b465ee728b)  -> (artifact id: '52f46920f2b0a097d48231e6a904b6bf') in 0.014738 seconds 
========================================================================
Received Import Request.
  Time since last request: 0.000026 seconds.
  path: Assets/Tiles/SPA_Background brown tint_13.asset
  artifactKey: Guid(c7ddaa409efe25d4184d22b862ea0d37) Importer(815301076,1909f56bfc062723c751e8b465ee728b)
Start importing Assets/Tiles/SPA_Background brown tint_13.asset using Guid(c7ddaa409efe25d4184d22b862ea0d37) Importer(815301076,1909f56bfc062723c751e8b465ee728b)  -> (artifact id: 'f77940b4b0da446ffb63f5b618d8ec03') in 0.013148 seconds 
========================================================================
Received Import Request.
  Time since last request: 0.000033 seconds.
  path: Assets/Tiles/SPA_Background brown tint_14.asset
  artifactKey: Guid(439c3fa4ac6d583468c4fc124494f592) Importer(815301076,1909f56bfc062723c751e8b465ee728b)
Start importing Assets/Tiles/SPA_Background brown tint_14.asset using Guid(439c3fa4ac6d583468c4fc124494f592) Importer(815301076,1909f56bfc062723c751e8b465ee728b)  -> (artifact id: '73abba01a5832adfe13fa7503e09dead') in 0.012910 seconds 
========================================================================
Received Import Request.
  Time since last request: 0.000023 seconds.
  path: Assets/Tiles/SPA_Rock_Grass_Water_0.asset
  artifactKey: Guid(8f659e44cd2de5549a5f1bc98caf5259) Importer(815301076,1909f56bfc062723c751e8b465ee728b)
Start importing Assets/Tiles/SPA_Rock_Grass_Water_0.asset using Guid(8f659e44cd2de5549a5f1bc98caf5259) Importer(815301076,1909f56bfc062723c751e8b465ee728b)  -> (artifact id: 'a2e7851175089f50d2e1b21f3cd1bccc') in 0.013597 seconds 
========================================================================
Received Import Request.
  Time since last request: 0.000022 seconds.
  path: Assets/Tiles/SPA_Rock_Grass_Water_20.asset
  artifactKey: Guid(f78e820027a52444d9b1e3ede1cb2c3c) Importer(815301076,1909f56bfc062723c751e8b465ee728b)
Start importing Assets/Tiles/SPA_Rock_Grass_Water_20.asset using Guid(f78e820027a52444d9b1e3ede1cb2c3c) Importer(815301076,1909f56bfc062723c751e8b465ee728b)  -> (artifact id: '08d0720af67ccf67e846f3b0c298f559') in 0.012341 seconds 
========================================================================
Received Import Request.
  Time since last request: 0.000024 seconds.
  path: Assets/Tiles/SPA_Rock_Grass_Water_15.asset
  artifactKey: Guid(abd8786f0717d1c4782c16dce1554136) Importer(815301076,1909f56bfc062723c751e8b465ee728b)
Start importing Assets/Tiles/SPA_Rock_Grass_Water_15.asset using Guid(abd8786f0717d1c4782c16dce1554136) Importer(815301076,1909f56bfc062723c751e8b465ee728b)  -> (artifact id: 'ae21036d2e6981e19105e2e2fdba088b') in 0.012842 seconds 
========================================================================
Received Import Request.
  Time since last request: 0.000029 seconds.
  path: Assets/Tiles/SPA_Background brown tint_6.asset
  artifactKey: Guid(fec75784e1c06b946acd179820cfada1) Importer(815301076,1909f56bfc062723c751e8b465ee728b)
Start importing Assets/Tiles/SPA_Background brown tint_6.asset using Guid(fec75784e1c06b946acd179820cfada1) Importer(815301076,1909f56bfc062723c751e8b465ee728b)  -> (artifact id: '470ddd001e497f08ea779cdfc3d3bbdd') in 0.012202 seconds 
========================================================================
Received Import Request.
  Time since last request: 0.000034 seconds.
  path: Assets/Tiles/SPA_Rock_Grass_Water_14.asset
  artifactKey: Guid(d70beb70b35ced6488694336ade81bdb) Importer(815301076,1909f56bfc062723c751e8b465ee728b)
Start importing Assets/Tiles/SPA_Rock_Grass_Water_14.asset using Guid(d70beb70b35ced6488694336ade81bdb) Importer(815301076,1909f56bfc062723c751e8b465ee728b)  -> (artifact id: '9c979cbe87da8f572a847a80b69243c7') in 0.173757 seconds 
========================================================================
Received Import Request.
  Time since last request: 0.000033 seconds.
  path: Assets/Tiles/SPA_Background brown tint_11.asset
  artifactKey: Guid(ed34fecbf16342d4baf808a1841979d9) Importer(815301076,1909f56bfc062723c751e8b465ee728b)
Start importing Assets/Tiles/SPA_Background brown tint_11.asset using Guid(ed34fecbf16342d4baf808a1841979d9) Importer(815301076,1909f56bfc062723c751e8b465ee728b)  -> (artifact id: '1561f186115fa4aab7dd96a21c684528') in 0.015668 seconds 
========================================================================
Received Import Request.
  Time since last request: 0.000052 seconds.
  path: Assets/Tiles/SPA_Rock_Grass_Water_21.asset
  artifactKey: Guid(edcb9945313c1cc469799f3707344364) Importer(815301076,1909f56bfc062723c751e8b465ee728b)
Start importing Assets/Tiles/SPA_Rock_Grass_Water_21.asset using Guid(edcb9945313c1cc469799f3707344364) Importer(815301076,1909f56bfc062723c751e8b465ee728b)  -> (artifact id: 'd9abd7275975b8db36ae9487f61fd300') in 0.012267 seconds 
========================================================================
Received Import Request.
  Time since last request: 0.000030 seconds.
  path: Assets/Tiles/SPA_Rock_Grass_Water_9.asset
  artifactKey: Guid(05ba948a22d2c874d9429a1fb105a7be) Importer(815301076,1909f56bfc062723c751e8b465ee728b)
Start importing Assets/Tiles/SPA_Rock_Grass_Water_9.asset using Guid(05ba948a22d2c874d9429a1fb105a7be) Importer(815301076,1909f56bfc062723c751e8b465ee728b)  -> (artifact id: '2c678ad17145c6294f93cf3c44341ade') in 0.012533 seconds 
========================================================================
Received Import Request.
  Time since last request: 0.000025 seconds.
  path: Assets/Tiles/SPA_Rock_Grass_Water_13.asset
  artifactKey: Guid(dc5ad0528e3866e4180e995b791523a6) Importer(815301076,1909f56bfc062723c751e8b465ee728b)
Start importing Assets/Tiles/SPA_Rock_Grass_Water_13.asset using Guid(dc5ad0528e3866e4180e995b791523a6) Importer(815301076,1909f56bfc062723c751e8b465ee728b)  -> (artifact id: 'eac83f91c8c510e10172424d2ad6811f') in 0.014683 seconds 
========================================================================
Received Import Request.
  Time since last request: 0.000020 seconds.
  path: Assets/Tiles/SPA_Rock_Grass_Water_26.asset
  artifactKey: Guid(ffa0e47f46afe714bb760489f577433a) Importer(815301076,1909f56bfc062723c751e8b465ee728b)
Start importing Assets/Tiles/SPA_Rock_Grass_Water_26.asset using Guid(ffa0e47f46afe714bb760489f577433a) Importer(815301076,1909f56bfc062723c751e8b465ee728b)  -> (artifact id: '1efd5c3e5c5ab691bcbf7fdcf9b33068') in 0.012631 seconds 
========================================================================
Received Import Request.
  Time since last request: 0.000028 seconds.
  path: Assets/Tiles/SPA_Rock_Grass_Water_27.asset
  artifactKey: Guid(20b41ef12c75f6947a893325e8a7d9ac) Importer(815301076,1909f56bfc062723c751e8b465ee728b)
Start importing Assets/Tiles/SPA_Rock_Grass_Water_27.asset using Guid(20b41ef12c75f6947a893325e8a7d9ac) Importer(815301076,1909f56bfc062723c751e8b465ee728b)  -> (artifact id: '2849e9036bbb3c85312e82c978499e20') in 0.013728 seconds 
========================================================================
Received Import Request.
  Time since last request: 0.000026 seconds.
  path: Assets/Tiles/SPA_Rock_Grass_Water_25.asset
  artifactKey: Guid(47db9e458f6a1e94aaee7c3e238b47bc) Importer(815301076,1909f56bfc062723c751e8b465ee728b)
Start importing Assets/Tiles/SPA_Rock_Grass_Water_25.asset using Guid(47db9e458f6a1e94aaee7c3e238b47bc) Importer(815301076,1909f56bfc062723c751e8b465ee728b)  -> (artifact id: '5d2ee61fdedac1251f351e5c614d4dfe') in 0.011637 seconds 
========================================================================
Received Import Request.
  Time since last request: 0.000029 seconds.
  path: Assets/Tiles/SPA_Rock_Grass_Water_29.asset
  artifactKey: Guid(16f105a4ff13c3a489dccf4cffbf7e57) Importer(815301076,1909f56bfc062723c751e8b465ee728b)
Start importing Assets/Tiles/SPA_Rock_Grass_Water_29.asset using Guid(16f105a4ff13c3a489dccf4cffbf7e57) Importer(815301076,1909f56bfc062723c751e8b465ee728b)  -> (artifact id: '79c8264c1fd356bdddf50b728add69ac') in 0.011344 seconds 
========================================================================
Received Import Request.
  Time since last request: 1.054287 seconds.
  path: Assets/Tiles/SPA_Background brown tint_0.asset
  artifactKey: Guid(e2401a75c876bee4aa8942d4483b253d) Importer(815301076,1909f56bfc062723c751e8b465ee728b)
Start importing Assets/Tiles/SPA_Background brown tint_0.asset using Guid(e2401a75c876bee4aa8942d4483b253d) Importer(815301076,1909f56bfc062723c751e8b465ee728b)  -> (artifact id: '51fdb1963369b3109da03a37fa2f4dc6') in 0.241069 seconds 
========================================================================
Received Import Request.
  Time since last request: 0.000024 seconds.
  path: Assets/Tiles/SPA_Background brown tint_1.asset
  artifactKey: Guid(0a1a53b25e9dc3245a50b63fc5c6feb1) Importer(815301076,1909f56bfc062723c751e8b465ee728b)
Start importing Assets/Tiles/SPA_Background brown tint_1.asset using Guid(0a1a53b25e9dc3245a50b63fc5c6feb1) Importer(815301076,1909f56bfc062723c751e8b465ee728b)  -> (artifact id: 'f9e75a7afffb82cf4f2be468a68a04e3') in 0.148711 seconds 
========================================================================
Received Import Request.
  Time since last request: 0.000031 seconds.
  path: Assets/Tiles/SPA_Background brown tint_2.asset
  artifactKey: Guid(7a2dfbb24dfcfa944a0fe382049e1c47) Importer(815301076,1909f56bfc062723c751e8b465ee728b)
Start importing Assets/Tiles/SPA_Background brown tint_2.asset using Guid(7a2dfbb24dfcfa944a0fe382049e1c47) Importer(815301076,1909f56bfc062723c751e8b465ee728b)  -> (artifact id: 'da86e5b8078a12426ec0bf0a60bad28d') in 0.099973 seconds 
========================================================================
Received Import Request.
  Time since last request: 0.000024 seconds.
  path: Assets/Tiles/SPA_Background brown tint_3.asset
  artifactKey: Guid(c599d0189ed16b34bb5ee1bb739f6e05) Importer(815301076,1909f56bfc062723c751e8b465ee728b)
Start importing Assets/Tiles/SPA_Background brown tint_3.asset using Guid(c599d0189ed16b34bb5ee1bb739f6e05) Importer(815301076,1909f56bfc062723c751e8b465ee728b)  -> (artifact id: 'e9a28c638141f4d9dd0217d0483ac923') in 0.012043 seconds 
Editor requested this worker to shutdown with reason: Scaling down because of idle timeout
AssetImportWorker is now disconnected from the server
Process exiting
Exiting without the bug reporter. Application will terminate with return code 0